[LOAD] 95 existing leads
[STATUS] After existing: 81 unique leads with contact
[SCRAPE] google_maps 'restaurante' @ Bogotá limit=20 ...
[DONE] google_maps 'restaurante' Bogotá: 6 leads
[STATUS] 87/1000 (+6)
[SCRAPE] google_maps 'peluquería barbería' @ Bogotá limit=20 ...
[DONE] google_maps 'peluquería barbería' Bogotá: 6 leads
[STATUS] 93/1000 (+6)
[SCRAPE] google_maps 'tienda ropa boutique' @ Bogotá limit=20 ...
[DONE] google_maps 'tienda ropa boutique' Bogotá: 5 leads
[STATUS] 98/1000 (+5)
[SCRAPE] google_maps 'spa centro estética' @ Bogotá limit=20 ...
[DONE] google_maps 'spa centro estética' Bogotá: 11 leads
[STATUS] 109/1000 (+11)
[SCRAPE] google_maps 'gimnasio fitness' @ Bogotá limit=20 ...
[DONE] google_maps 'gimnasio fitness' Bogotá: 9 leads
[STATUS] 118/1000 (+9)
[SCRAPE] google_maps 'hotel hospedaje' @ Bogotá limit=20 ...
[DONE] google_maps 'hotel hospedaje' Bogotá: 11 leads
[STATUS] 129/1000 (+11)
[SCRAPE] google_maps 'dentista odontología' @ Bogotá limit=20 ...
[DONE] google_maps 'dentista odontología' Bogotá: 8 leads
[STATUS] 137/1000 (+8)
[SCRAPE] google_maps 'agencia marketing digital' @ Bogotá limit=20 ...
[DONE] google_maps 'agencia marketing digital' Bogotá: 10 leads
[STATUS] 147/1000 (+10)
[SCRAPE] google_maps 'consultora empresa' @ Bogotá limit=20 ...
[DONE] google_maps 'consultora empresa' Bogotá: 15 leads
[STATUS] 162/1000 (+15)
[SCRAPE] google_maps 'veterinaria' @ Bogotá limit=20 ...
[DONE] google_maps 'veterinaria' Bogotá: 10 leads
[STATUS] 171/1000 (+9)
[SCRAPE] google_maps 'panadería pastelería' @ Bogotá limit=20 ...
[DONE] google_maps 'panadería pastelería' Bogotá: 10 leads
[STATUS] 181/1000 (+10)
[SCRAPE] google_maps 'joyería bisutería' @ Bogotá limit=20 ...
[DONE] google_maps 'joyería bisutería' Bogotá: 7 leads
[STATUS] 188/1000 (+7)
[SCRAPE] google_maps 'fotógrafo fotografía' @ Bogotá limit=20 ...
[DONE] google_maps 'fotógrafo fotografía' Bogotá: 8 leads
[STATUS] 196/1000 (+8)
[SCRAPE] google_maps 'academia escuela idiomas' @ Bogotá limit=20 ...
[DONE] google_maps 'academia escuela idiomas' Bogotá: 11 leads
[STATUS] 206/1000 (+10)
[SCRAPE] google_maps 'restaurante' @ Medellín limit=20 ...
[DONE] google_maps 'restaurante' Medellín: 7 leads
[STATUS] 213/1000 (+7)
[SCRAPE] google_maps 'peluquería barbería' @ Medellín limit=20 ...
[DONE] google_maps 'peluquería barbería' Medellín: 7 leads
[STATUS] 220/1000 (+7)
[SCRAPE] google_maps 'tienda ropa boutique' @ Medellín limit=20 ...
[DONE] google_maps 'tienda ropa boutique' Medellín: 7 leads
[STATUS] 227/1000 (+7)
[SCRAPE] google_maps 'spa centro estética' @ Medellín limit=20 ...
[DONE] google_maps 'spa centro estética' Medellín: 8 leads
[STATUS] 235/1000 (+8)
[SCRAPE] google_maps 'gimnasio fitness' @ Medellín limit=20 ...
[DONE] google_maps 'gimnasio fitness' Medellín: 7 leads
[STATUS] 242/1000 (+7)
[SCRAPE] google_maps 'hotel hospedaje' @ Medellín limit=20 ...
[DONE] google_maps 'hotel hospedaje' Medellín: 8 leads
[STATUS] 250/1000 (+8)
[SCRAPE] google_maps 'dentista odontología' @ Medellín limit=20 ...
[DONE] google_maps 'dentista odontología' Medellín: 14 leads
[STATUS] 264/1000 (+14)
[SCRAPE] google_maps 'agencia marketing digital' @ Medellín limit=20 ...
[DONE] google_maps 'agencia marketing digital' Medellín: 11 leads
[STATUS] 272/1000 (+8)
[SCRAPE] google_maps 'consultora empresa' @ Medellín limit=20 ...
[DONE] google_maps 'consultora empresa' Medellín: 10 leads
[STATUS] 282/1000 (+10)
[SCRAPE] google_maps 'veterinaria' @ Medellín limit=20 ...
[DONE] google_maps 'veterinaria' Medellín: 8 leads
[STATUS] 290/1000 (+8)
[SCRAPE] google_maps 'panadería pastelería' @ Medellín limit=20 ...
[DONE] google_maps 'panadería pastelería' Medellín: 11 leads
[STATUS] 301/1000 (+11)
[SCRAPE] google_maps 'joyería bisutería' @ Medellín limit=20 ...
[DONE] google_maps 'joyería bisutería' Medellín: 8 leads
[STATUS] 309/1000 (+8)
[SCRAPE] google_maps 'fotógrafo fotografía' @ Medellín limit=20 ...
[DONE] google_maps 'fotógrafo fotografía' Medellín: 11 leads
[STATUS] 320/1000 (+11)
[SCRAPE] google_maps 'academia escuela idiomas' @ Medellín limit=20 ...
[DONE] google_maps 'academia escuela idiomas' Medellín: 16 leads
[STATUS] 333/1000 (+13)
[SCRAPE] google_maps 'restaurante' @ Cali limit=20 ...
[DONE] google_maps 'restaurante' Cali: 10 leads
[STATUS] 343/1000 (+10)
[SCRAPE] google_maps 'peluquería barbería' @ Cali limit=20 ...
[DONE] google_maps 'peluquería barbería' Cali: 7 leads
[STATUS] 350/1000 (+7)
[SCRAPE] google_maps 'tienda ropa boutique' @ Cali limit=20 ...
[DONE] google_maps 'tienda ropa boutique' Cali: 10 leads
[STATUS] 360/1000 (+10)
[SCRAPE] google_maps 'spa centro estética' @ Cali limit=20 ...
[DONE] google_maps 'spa centro estética' Cali: 7 leads
[STATUS] 367/1000 (+7)
[SCRAPE] google_maps 'gimnasio fitness' @ Cali limit=20 ...
[DONE] google_maps 'gimnasio fitness' Cali: 10 leads
[STATUS] 377/1000 (+10)
[SCRAPE] google_maps 'hotel hospedaje' @ Cali limit=20 ...
[DONE] google_maps 'hotel hospedaje' Cali: 8 leads
[STATUS] 385/1000 (+8)
[SCRAPE] google_maps 'dentista odontología' @ Cali limit=20 ...
[DONE] google_maps 'dentista odontología' Cali: 14 leads
[STATUS] 399/1000 (+14)
[SCRAPE] google_maps 'agencia marketing digital' @ Cali limit=20 ...
[DONE] google_maps 'agencia marketing digital' Cali: 11 leads
[STATUS] 410/1000 (+11)
[SCRAPE] google_maps 'consultora empresa' @ Cali limit=20 ...
[DONE] google_maps 'consultora empresa' Cali: 11 leads
[STATUS] 421/1000 (+11)
[SCRAPE] google_maps 'veterinaria' @ Cali limit=20 ...
[DONE] google_maps 'veterinaria' Cali: 11 leads
[STATUS] 432/1000 (+11)
[SCRAPE] google_maps 'panadería pastelería' @ Cali limit=20 ...
[DONE] google_maps 'panadería pastelería' Cali: 6 leads
[STATUS] 438/1000 (+6)
[SCRAPE] google_maps 'joyería bisutería' @ Cali limit=20 ...
[DONE] google_maps 'joyería bisutería' Cali: 9 leads
[STATUS] 447/1000 (+9)
[SCRAPE] google_maps 'fotógrafo fotografía' @ Cali limit=20 ...
[DONE] google_maps 'fotógrafo fotografía' Cali: 14 leads
[STATUS] 461/1000 (+14)
[SCRAPE] google_maps 'academia escuela idiomas' @ Cali limit=20 ...
[DONE] google_maps 'academia escuela idiomas' Cali: 15 leads
[STATUS] 475/1000 (+14)
[SCRAPE] google_maps 'restaurante' @ Barranquilla limit=20 ...
[DONE] google_maps 'restaurante' Barranquilla: 7 leads
[STATUS] 482/1000 (+7)
[SCRAPE] google_maps 'peluquería barbería' @ Barranquilla limit=20 ...
[DONE] google_maps 'peluquería barbería' Barranquilla: 8 leads
[STATUS] 490/1000 (+8)
[SCRAPE] google_maps 'tienda ropa boutique' @ Barranquilla limit=20 ...
[DONE] google_maps 'tienda ropa boutique' Barranquilla: 10 leads
[STATUS] 500/1000 (+10)
[SCRAPE] google_maps 'spa centro estética' @ Barranquilla limit=20 ...
[DONE] google_maps 'spa centro estética' Barranquilla: 8 leads
[STATUS] 508/1000 (+8)
[SCRAPE] google_maps 'gimnasio fitness' @ Barranquilla limit=20 ...
[DONE] google_maps 'gimnasio fitness' Barranquilla: 10 leads
[STATUS] 518/1000 (+10)
[SCRAPE] google_maps 'hotel hospedaje' @ Barranquilla limit=20 ...
[DONE] google_maps 'hotel hospedaje' Barranquilla: 7 leads
[STATUS] 525/1000 (+7)
[SCRAPE] google_maps 'dentista odontología' @ Barranquilla limit=20 ...
[DONE] google_maps 'dentista odontología' Barranquilla: 15 leads
[STATUS] 540/1000 (+15)
[SCRAPE] google_maps 'agencia marketing digital' @ Barranquilla limit=20 ...
[DONE] google_maps 'agencia marketing digital' Barranquilla: 11 leads
[STATUS] 550/1000 (+10)
[SCRAPE] google_maps 'consultora empresa' @ Barranquilla limit=20 ...
[DONE] google_maps 'consultora empresa' Barranquilla: 13 leads
[STATUS] 563/1000 (+13)
[SCRAPE] google_maps 'veterinaria' @ Barranquilla limit=20 ...
[DONE] google_maps 'veterinaria' Barranquilla: 16 leads
[STATUS] 579/1000 (+16)
[SCRAPE] google_maps 'panadería pastelería' @ Barranquilla limit=20 ...
[DONE] google_maps 'panadería pastelería' Barranquilla: 5 leads
[STATUS] 584/1000 (+5)
[SCRAPE] google_maps 'joyería bisutería' @ Barranquilla limit=20 ...
[DONE] google_maps 'joyería bisutería' Barranquilla: 5 leads
[STATUS] 589/1000 (+5)
[SCRAPE] google_maps 'fotógrafo fotografía' @ Barranquilla limit=20 ...
[DONE] google_maps 'fotógrafo fotografía' Barranquilla: 8 leads
[STATUS] 597/1000 (+8)
[SCRAPE] google_maps 'academia escuela idiomas' @ Barranquilla limit=20 ...
[DONE] google_maps 'academia escuela idiomas' Barranquilla: 14 leads
[STATUS] 610/1000 (+13)
[SCRAPE] instagram 'restaurante colombiano' @ Colombia limit=30 ...
[DONE] instagram 'restaurante colombiano' Colombia: 10 leads
[STATUS] 611/1000 (+1)
[SCRAPE] instagram 'moda ropa mujer' @ Bogotá limit=30 ...
[DONE] instagram 'moda ropa mujer' Bogotá: 10 leads
[STATUS] 612/1000 (+1)
[SCRAPE] instagram 'negocio emprendimiento' @ Medellín limit=30 ...
[DONE] instagram 'negocio emprendimiento' Medellín: 2 leads
[STATUS] 612/1000 (+0)
[SCRAPE] instagram 'boutique tienda' @ Cali limit=30 ...
[DONE] instagram 'boutique tienda' Cali: 2 leads
[STATUS] 612/1000 (+0)
[SCRAPE] instagram 'salon belleza' @ Bogotá limit=30 ...
[DONE] instagram 'salon belleza' Bogotá: 7 leads
[STATUS] 612/1000 (+0)
[SCRAPE] instagram 'gym fitness' @ Colombia limit=30 ...
[DONE] instagram 'gym fitness' Colombia: 8 leads
[STATUS] 614/1000 (+2)
[SCRAPE] instagram 'emprendedor colombia' @ Colombia limit=30 ...
[DONE] instagram 'emprendedor colombia' Colombia: 2 leads
[STATUS] 614/1000 (+0)
[SCRAPE] instagram 'marca colombiana' @ Colombia limit=30 ...
[DONE] instagram 'marca colombiana' Colombia: 9 leads
[STATUS] 614/1000 (+0)

[DONE] 614 leads | A:0 B:1 C:454 | email:0 phone:595
[SAVED] /Users/fantasma/Desktop/AriseOS-DTS/leads/leads_1000_final.json
[SAVED] /Users/fantasma/Desktop/AriseOS-DTS/leads/leads_1000_final.csv

=== PIPELINE COMPLETE ===
Leads JSON : /Users/fantasma/Desktop/AriseOS-DTS/leads/leads_1000_final.json
Leads CSV  : /Users/fantasma/Desktop/AriseOS-DTS/leads/leads_1000_final.csv
Total      : 614
A-tier     : 0  (score ≥75, best for outreach)
B-tier     : 1  (score 55-74)
C-tier     : 454  (score 40-54)
With email : 0
With phone : 595
